Arguments: 
  /usr/local/bin/node /usr/local/bin/yarn publish

PATH: 
  /usr/local/mysql/bin:/usr/local/bin:/usr/bin:/bin:/usr/sbin:/sbin:/usr/local/go/bin:/usr/local/MacGPG2/bin:/usr/local/go/bin:/Users/Marc/GoCode/bin:/usr/local/bin

Yarn version: 
  0.27.5

Node version: 
  6.3.1

Platform: 
  darwin x64

npm manifest: 
  {
    "name": "cmacc-lib-id",
    "version": "2.0.1",
    "description": "Package to manage IDs",
    "main": "index.js",
    "repository": "https://github.com/cmacclang/cmacc-lib-id.git",
    "author": "Marc Dangeard <marc@dangeard.com>",
    "license": "MIT",
    "flat": true,
    "dependencies": {
      "cmacc-lib-geo": "cmacclang/cmacc-lib-geo",
      "cmacc-lib-lang": "cmacclang/cmacc-lib-lang"
    }
  }

yarn manifest: 
  No manifest

Lockfile: 
  # THIS IS AN AUTOGENERATED FILE. DO NOT EDIT THIS FILE DIRECTLY.
  # yarn lockfile v1
  
  
  cmacc-lib-geo@cmacclang/cmacc-lib-geo:
    version "2.0.1"
    resolved "https://codeload.github.com/cmacclang/cmacc-lib-geo/tar.gz/e5ca94984bba66dbdd9ca3274fc988c559475b7b"
  
  cmacc-lib-lang@cmacclang/cmacc-lib-lang:
    version "2.0.1"
    resolved "https://codeload.github.com/cmacclang/cmacc-lib-lang/tar.gz/5ac351922288a3c242f87b53c3b6727e83fef067"

Trace: 
  Error: https://registry.yarnpkg.com/cmacc-lib-id: You must be logged in to publish packages.
      at Request.params.callback [as _callback] (/usr/local/lib/node_modules/yarn/lib/util/request-manager.js:326:18)
      at Request.self.callback (/usr/local/lib/node_modules/yarn/node_modules/request/request.js:188:22)
      at emitTwo (events.js:106:13)
      at Request.emit (events.js:191:7)
      at Request.<anonymous> (/usr/local/lib/node_modules/yarn/node_modules/request/request.js:1171:10)
      at emitOne (events.js:96:13)
      at Request.emit (events.js:188:7)
      at IncomingMessage.<anonymous> (/usr/local/lib/node_modules/yarn/node_modules/request/request.js:1091:12)
      at IncomingMessage.g (events.js:286:16)
      at emitNone (events.js:91:20)
